<?xml version="1.0" encoding="UTF-8"?>
<testsuite name="me.sepehrhn.pocketdice.util.DiceParserTest" tests="2" skipped="0" failures="0" errors="0" timestamp="2026-03-08T10:24:17.468Z" hostname="JARVIX" time="0.004">
  <properties/>
  <testcase name="validInputs()" classname="me.sepehrhn.pocketdice.util.DiceParserTest" time="0.002"/>
  <testcase name="invalidInputs()" classname="me.sepehrhn.pocketdice.util.DiceParserTest" time="0.002"/>
  <system-out><![CDATA[]]></system-out>
  <system-err><![CDATA[]]></system-err>
</testsuite>
